21-09-2021 12:20:33.699 INFO  Ответ сервера: Server start 
21-09-2021 12:21:53.041 INFO  Ответ сервера: Server start 
21-09-2021 12:22:46.887 INFO  Ответ сервера: Server start 
21-09-2021 12:24:09.464 INFO  Ответ сервера: Server start 
21-09-2021 12:36:40.889 INFO  Запрос на сервер: Method - POST; 
        URL - /authorization; 
        Body - {"email":"asergeev@flo.team","password":"jgF5tn4F"}; 
        Headers - {"host":"127.0.0.1:2000","connection":"keep-alive","content-length":"51","sec-ch-ua":"\"Google Chrome\";v=\"93\", \" Not;A Brand\";v=\"99\", \"Chromium\";v=\"93\"","sec-ch-ua-mobile":"?0","user-agent":"Mozilla/5.0 (Macintosh; Intel Mac OS X 10_15_7) AppleWebKit/537.36 (KHTML, like Gecko) Chrome/93.0.4577.82 Safari/537.36","sec-ch-ua-platform":"\"macOS\"","content-type":"application/json","accept":"*/*","origin":"http://localhost:63342","sec-fetch-site":"cross-site","sec-fetch-mode":"cors","sec-fetch-dest":"empty","referer":"http://localhost:63342/","accept-encoding":"gzip, deflate, br","accept-language":"en-GB,en-US;q=0.9,en;q=0.8"} 
21-09-2021 12:41:01.820 INFO  Ответ сервера: Server start 
21-09-2021 12:41:11.402 INFO  Запрос на сервер: Method - POST; 
        URL - /authorization; 
        Body - {"email":"asergeev@flo.team","password":"jgF5tn4F"}; 
        Headers - {"host":"127.0.0.1:2000","connection":"keep-alive","content-length":"51","sec-ch-ua":"\"Google Chrome\";v=\"93\", \" Not;A Brand\";v=\"99\", \"Chromium\";v=\"93\"","sec-ch-ua-mobile":"?0","user-agent":"Mozilla/5.0 (Macintosh; Intel Mac OS X 10_15_7) AppleWebKit/537.36 (KHTML, like Gecko) Chrome/93.0.4577.82 Safari/537.36","sec-ch-ua-platform":"\"macOS\"","content-type":"application/json","accept":"*/*","origin":"http://localhost:63342","sec-fetch-site":"cross-site","sec-fetch-mode":"cors","sec-fetch-dest":"empty","referer":"http://localhost:63342/","accept-encoding":"gzip, deflate, br","accept-language":"en-GB,en-US;q=0.9,en;q=0.8"} 
21-09-2021 12:41:11.403 INFO  Ответ сервера: {"token":"token"} 
21-09-2021 12:41:11.593 INFO  Запрос на сервер: Method - GET; 
        URL - /gallery/3; 
        Body - {}; 
        Headers - {"host":"127.0.0.1:2000","connection":"keep-alive","sec-ch-ua":"\"Google Chrome\";v=\"93\", \" Not;A Brand\";v=\"99\", \"Chromium\";v=\"93\"","authorization":"token","sec-ch-ua-mobile":"?0","user-agent":"Mozilla/5.0 (Macintosh; Intel Mac OS X 10_15_7) AppleWebKit/537.36 (KHTML, like Gecko) Chrome/93.0.4577.82 Safari/537.36","sec-ch-ua-platform":"\"macOS\"","accept":"*/*","origin":"http://localhost:63342","sec-fetch-site":"cross-site","sec-fetch-mode":"cors","sec-fetch-dest":"empty","referer":"http://localhost:63342/","accept-encoding":"gzip, deflate, br","accept-language":"en-GB,en-US;q=0.9,en;q=0.8"} 
21-09-2021 12:41:11.596 INFO  Ответ сервера: {"objects":["../../server/gallery/images/3/1565a95fb25c7744777b506ce76cc3f0e6-21-gaben.jpg","../../server/gallery/images/3/505616.png","../../server/gallery/images/3/632079.png","../../server/gallery/images/3/835097.jpg"],"page":"3","total":3} 
21-09-2021 12:41:15.782 INFO  Запрос на сервер: Method - GET; 
        URL - /gallery/2; 
        Body - {}; 
        Headers - {"host":"127.0.0.1:2000","connection":"keep-alive","sec-ch-ua":"\"Google Chrome\";v=\"93\", \" Not;A Brand\";v=\"99\", \"Chromium\";v=\"93\"","authorization":"token","sec-ch-ua-mobile":"?0","user-agent":"Mozilla/5.0 (Macintosh; Intel Mac OS X 10_15_7) AppleWebKit/537.36 (KHTML, like Gecko) Chrome/93.0.4577.82 Safari/537.36","sec-ch-ua-platform":"\"macOS\"","accept":"*/*","origin":"http://localhost:63342","sec-fetch-site":"cross-site","sec-fetch-mode":"cors","sec-fetch-dest":"empty","referer":"http://localhost:63342/","accept-encoding":"gzip, deflate, br","accept-language":"en-GB,en-US;q=0.9,en;q=0.8"} 
21-09-2021 12:41:15.787 INFO  Ответ сервера: {"objects":["../../server/gallery/images/2/128706.png","../../server/gallery/images/2/162661f650c2d06a3fa072a9a97ab236.jpg","../../server/gallery/images/2/415519.jpg","../../server/gallery/images/2/640956.jpg"],"page":"2","total":3} 
21-09-2021 12:41:18.555 INFO  Запрос на сервер: Method - POST; 
        URL - /gallery/2; 
        Body - {}; 
        Headers - {"host":"127.0.0.1:2000","connection":"keep-alive","content-length":"189","sec-ch-ua":"\"Google Chrome\";v=\"93\", \" Not;A Brand\";v=\"99\", \"Chromium\";v=\"93\"","authorization":"token","content-type":"multipart/form-data; boundary=----WebKitFormBoundarycPQshKNBPZgNOOv0","sec-ch-ua-mobile":"?0","user-agent":"Mozilla/5.0 (Macintosh; Intel Mac OS X 10_15_7) AppleWebKit/537.36 (KHTML, like Gecko) Chrome/93.0.4577.82 Safari/537.36","sec-ch-ua-platform":"\"macOS\"","accept":"*/*","origin":"http://localhost:63342","sec-fetch-site":"cross-site","sec-fetch-mode":"cors","sec-fetch-dest":"empty","referer":"http://localhost:63342/","accept-encoding":"gzip, deflate, br","accept-language":"en-GB,en-US;q=0.9,en;q=0.8"} 
21-09-2021 12:41:18.569 INFO  Ответ сервера: {"errorMessage":"Нет изображений для загрузки"} 
21-09-2021 12:41:44.087 INFO  Запрос на сервер: Method - POST; 
        URL - /gallery/2; 
        Body - {}; 
        Headers - {"host":"127.0.0.1:2000","connection":"keep-alive","content-length":"8137931","sec-ch-ua":"\"Google Chrome\";v=\"93\", \" Not;A Brand\";v=\"99\", \"Chromium\";v=\"93\"","authorization":"token","content-type":"multipart/form-data; boundary=----WebKitFormBoundaryTD7eFzfxr4OKOuC3","sec-ch-ua-mobile":"?0","user-agent":"Mozilla/5.0 (Macintosh; Intel Mac OS X 10_15_7) AppleWebKit/537.36 (KHTML, like Gecko) Chrome/93.0.4577.82 Safari/537.36","sec-ch-ua-platform":"\"macOS\"","accept":"*/*","origin":"http://localhost:63342","sec-fetch-site":"cross-site","sec-fetch-mode":"cors","sec-fetch-dest":"empty","referer":"http://localhost:63342/","accept-encoding":"gzip, deflate, br","accept-language":"en-GB,en-US;q=0.9,en;q=0.8"} 
21-09-2021 12:41:44.144 INFO  Ответ сервера: {"message":"Изображения успешно загружены","objects":["934905.jpg"]} 
21-09-2021 12:41:46.157 INFO  Запрос на сервер: Method - GET; 
        URL - /gallery/2; 
        Body - {}; 
        Headers - {"host":"127.0.0.1:2000","connection":"keep-alive","sec-ch-ua":"\"Google Chrome\";v=\"93\", \" Not;A Brand\";v=\"99\", \"Chromium\";v=\"93\"","authorization":"token","sec-ch-ua-mobile":"?0","user-agent":"Mozilla/5.0 (Macintosh; Intel Mac OS X 10_15_7) AppleWebKit/537.36 (KHTML, like Gecko) Chrome/93.0.4577.82 Safari/537.36","sec-ch-ua-platform":"\"macOS\"","accept":"*/*","origin":"http://localhost:63342","sec-fetch-site":"cross-site","sec-fetch-mode":"cors","sec-fetch-dest":"empty","referer":"http://localhost:63342/","accept-encoding":"gzip, deflate, br","accept-language":"en-GB,en-US;q=0.9,en;q=0.8"} 
21-09-2021 12:41:46.167 INFO  Ответ сервера: {"objects":["../../server/gallery/images/2/128706.png","../../server/gallery/images/2/162661f650c2d06a3fa072a9a97ab236.jpg","../../server/gallery/images/2/415519.jpg","../../server/gallery/images/2/640956.jpg","../../server/gallery/images/2/934905.jpg"],"page":"2","total":3} 
21-09-2021 12:41:52.433 INFO  Запрос на сервер: Method - GET; 
        URL - /gallery/1; 
        Body - {}; 
        Headers - {"host":"127.0.0.1:2000","connection":"keep-alive","sec-ch-ua":"\"Google Chrome\";v=\"93\", \" Not;A Brand\";v=\"99\", \"Chromium\";v=\"93\"","authorization":"token","sec-ch-ua-mobile":"?0","user-agent":"Mozilla/5.0 (Macintosh; Intel Mac OS X 10_15_7) AppleWebKit/537.36 (KHTML, like Gecko) Chrome/93.0.4577.82 Safari/537.36","sec-ch-ua-platform":"\"macOS\"","accept":"*/*","origin":"http://localhost:63342","sec-fetch-site":"cross-site","sec-fetch-mode":"cors","sec-fetch-dest":"empty","referer":"http://localhost:63342/","accept-encoding":"gzip, deflate, br","accept-language":"en-GB,en-US;q=0.9,en;q=0.8"} 
21-09-2021 12:41:52.437 INFO  Ответ сервера: {"objects":["../../server/gallery/images/1/1565a95fb25c7744777b506ce76cc3f0e6-21-gaben.jpg","../../server/gallery/images/1/599379.jpg","../../server/gallery/images/1/605592.png","../../server/gallery/images/1/736461.png"],"page":"1","total":3} 
21-09-2021 12:41:58.085 INFO  Запрос на сервер: Method - GET; 
        URL - /gallery/2; 
        Body - {}; 
        Headers - {"host":"127.0.0.1:2000","connection":"keep-alive","sec-ch-ua":"\"Google Chrome\";v=\"93\", \" Not;A Brand\";v=\"99\", \"Chromium\";v=\"93\"","authorization":"token","sec-ch-ua-mobile":"?0","user-agent":"Mozilla/5.0 (Macintosh; Intel Mac OS X 10_15_7) AppleWebKit/537.36 (KHTML, like Gecko) Chrome/93.0.4577.82 Safari/537.36","sec-ch-ua-platform":"\"macOS\"","accept":"*/*","origin":"http://localhost:63342","sec-fetch-site":"cross-site","sec-fetch-mode":"cors","sec-fetch-dest":"empty","referer":"http://localhost:63342/","accept-encoding":"gzip, deflate, br","accept-language":"en-GB,en-US;q=0.9,en;q=0.8"} 
21-09-2021 12:41:58.096 INFO  Ответ сервера: {"objects":["../../server/gallery/images/2/128706.png","../../server/gallery/images/2/162661f650c2d06a3fa072a9a97ab236.jpg","../../server/gallery/images/2/415519.jpg","../../server/gallery/images/2/640956.jpg","../../server/gallery/images/2/934905.jpg"],"page":"2","total":3} 
21-09-2021 12:41:59.305 INFO  Запрос на сервер: Method - GET; 
        URL - /gallery/3; 
        Body - {}; 
        Headers - {"host":"127.0.0.1:2000","connection":"keep-alive","sec-ch-ua":"\"Google Chrome\";v=\"93\", \" Not;A Brand\";v=\"99\", \"Chromium\";v=\"93\"","authorization":"token","sec-ch-ua-mobile":"?0","user-agent":"Mozilla/5.0 (Macintosh; Intel Mac OS X 10_15_7) AppleWebKit/537.36 (KHTML, like Gecko) Chrome/93.0.4577.82 Safari/537.36","sec-ch-ua-platform":"\"macOS\"","accept":"*/*","origin":"http://localhost:63342","sec-fetch-site":"cross-site","sec-fetch-mode":"cors","sec-fetch-dest":"empty","referer":"http://localhost:63342/","accept-encoding":"gzip, deflate, br","accept-language":"en-GB,en-US;q=0.9,en;q=0.8"} 
21-09-2021 12:41:59.309 INFO  Ответ сервера: {"objects":["../../server/gallery/images/3/1565a95fb25c7744777b506ce76cc3f0e6-21-gaben.jpg","../../server/gallery/images/3/505616.png","../../server/gallery/images/3/632079.png","../../server/gallery/images/3/835097.jpg"],"page":"3","total":3} 
21-09-2021 12:42:08.708 INFO  Запрос на сервер: Method - GET; 
        URL - /gallery/35; 
        Body - {}; 
        Headers - {"host":"127.0.0.1:2000","connection":"keep-alive","sec-ch-ua":"\"Google Chrome\";v=\"93\", \" Not;A Brand\";v=\"99\", \"Chromium\";v=\"93\"","authorization":"token","sec-ch-ua-mobile":"?0","user-agent":"Mozilla/5.0 (Macintosh; Intel Mac OS X 10_15_7) AppleWebKit/537.36 (KHTML, like Gecko) Chrome/93.0.4577.82 Safari/537.36","sec-ch-ua-platform":"\"macOS\"","accept":"*/*","origin":"http://localhost:63342","sec-fetch-site":"cross-site","sec-fetch-mode":"cors","sec-fetch-dest":"empty","referer":"http://localhost:63342/","accept-encoding":"gzip, deflate, br","accept-language":"en-GB,en-US;q=0.9,en;q=0.8"} 
21-09-2021 12:42:08.710 INFO  Ответ сервера: {"errorMessage":"Указаной страницы несуществует"} 
21-09-2021 12:42:11.620 INFO  Запрос на сервер: Method - GET; 
        URL - /gallery/3; 
        Body - {}; 
        Headers - {"host":"127.0.0.1:2000","connection":"keep-alive","sec-ch-ua":"\"Google Chrome\";v=\"93\", \" Not;A Brand\";v=\"99\", \"Chromium\";v=\"93\"","authorization":"token","sec-ch-ua-mobile":"?0","user-agent":"Mozilla/5.0 (Macintosh; Intel Mac OS X 10_15_7) AppleWebKit/537.36 (KHTML, like Gecko) Chrome/93.0.4577.82 Safari/537.36","sec-ch-ua-platform":"\"macOS\"","accept":"*/*","origin":"http://localhost:63342","sec-fetch-site":"cross-site","sec-fetch-mode":"cors","sec-fetch-dest":"empty","referer":"http://localhost:63342/","accept-encoding":"gzip, deflate, br","accept-language":"en-GB,en-US;q=0.9,en;q=0.8"} 
21-09-2021 12:42:11.634 INFO  Ответ сервера: {"objects":["../../server/gallery/images/3/1565a95fb25c7744777b506ce76cc3f0e6-21-gaben.jpg","../../server/gallery/images/3/505616.png","../../server/gallery/images/3/632079.png","../../server/gallery/images/3/835097.jpg"],"page":"3","total":3} 
21-09-2021 12:57:08.325 INFO  Ответ сервера: Server start 
21-09-2021 12:57:15.093 INFO  Ответ сервера: Server start 
21-09-2021 12:59:44.644 INFO  Ответ сервера: Server start 
